<?xml version="1.0" encoding="utf-8"?><testsuites name="pytest tests"><testsuite name="pytest" errors="0" failures="0" skipped="0" tests="8" time="2.116" timestamp="2026-07-04T07:17:20.394652+00:00" hostname="agent-env-da6762f8-5c7f-4eef-b3a6-d7ad1a0940b0"><testcase classname="tests.backend_test.TestHealth" name="test_root_health" time="0.229" /><testcase classname="tests.backend_test.TestEnquiries" name="test_create_valid_enquiry_persists" time="0.614" /><testcase classname="tests.backend_test.TestEnquiries" name="test_invalid_email_422" time="0.042" /><testcase classname="tests.backend_test.TestEnquiries" name="test_missing_full_name_422" time="0.082" /><testcase classname="tests.backend_test.TestEnquiries" name="test_invalid_phone_422" time="0.166" /><testcase classname="tests.backend_test.TestEnquiries" name="test_honeypot_silently_dropped" time="0.161" /><testcase classname="tests.backend_test.TestEnquiries" name="test_email_delivery_flag_present" time="0.386" /><testcase classname="tests.backend_test.TestEnquiries" name="test_get_enquiries_shape" time="0.041" /></testsuite></testsuites>